<?xml version="1.0" encoding="UTF-8"?>
<!-- Generated by org.testng.reporters.JUnitReportReporter -->
<testsuite hostname="DESKTOP-PV8OE5S" failures="0" tests="3" name="vitiger.Practice.TestNGPractise" time="0.003" errors="0" timestamp="2022-09-10T12:28:29 IST" skipped="1">
  <testcase classname="vitiger.Practice.TestNGPractise" name="deleteCustomer1" time="0.001"/>
  <system-out/>
  <testcase classname="vitiger.Practice.TestNGPractise" name="createCustomer1" time="0.002"/>
  <system-out/>
  <testcase classname="vitiger.Practice.TestNGPractise" name="modifyCustomer1">
    <skipped/>
  </testcase> <!-- modifyCustomer1 -->
  <system-out/>
</testsuite> <!-- vitiger.Practice.TestNGPractise -->
