<?xml version="1.0" encoding="UTF-8"?>
<!-- Generated by org.testng.reporters.JUnitReportReporter -->
<testsuite hostname="DESKTOP-PV8OE5S" failures="0" tests="2" name="vitiger.Practice.Test1" time="0.014" errors="0" timestamp="2022-09-10T12:45:52 IST" skipped="0">
  <testcase classname="vitiger.Practice.Test1" name="test1Config" time="0.009"/>
  <system-out/>
  <testcase classname="vitiger.Practice.Test1" name="testcofig" time="0.005"/>
  <system-out/>
</testsuite> <!-- vitiger.Practice.Test1 -->
